  main.cpp
d:\etc\projects\openglv2\openglv2\main.cpp(38): warning C4244: 'initializing': conversion from 'double' to 'float', possible loss of data
d:\etc\projects\openglv2\openglv2\main.cpp(39): warning C4244: 'initializing': conversion from 'double' to 'float', possible loss of data
d:\etc\projects\openglv2\openglv2\main.cpp(147): warning C4244: 'argument': conversion from 'double' to 'unsigned int', possible loss of data
d:\etc\projects\openglv2\openglv2\main.cpp(164): warning C4244: 'initializing': conversion from 'double' to 'float', possible loss of data
d:\etc\projects\openglv2\openglv2\main.cpp(168): warning C4244: 'initializing': conversion from 'int' to 'float', possible loss of data
d:\etc\projects\openglv2\openglv2\main.cpp(371): warning C4244: 'initializing': conversion from 'double' to 'float', possible loss of data
d:\etc\projects\openglv2\openglv2\main.cpp(450): warning C4800: 'GLboolean': forcing value to bool 'true' or 'false' (performance warning)
d:\etc\projects\openglv2\openglv2\main.cpp(470): warning C4018: '<': signed/unsigned mismatch
d:\etc\projects\openglv2\openglv2\main.cpp(511): warning C4800: 'GLboolean': forcing value to bool 'true' or 'false' (performance warning)
d:\etc\projects\openglv2\openglv2\main.cpp(512): warning C4800: 'GLboolean': forcing value to bool 'true' or 'false' (performance warning)
d:\etc\projects\openglv2\openglv2\main.cpp(513): warning C4800: 'GLboolean': forcing value to bool 'true' or 'false' (performance warning)
d:\etc\projects\openglv2\openglv2\main.cpp(580): warning C4244: '=': conversion from 'double' to 'float', possible loss of data
d:\etc\projects\openglv2\openglv2\main.cpp(581): warning C4244: '=': conversion from 'double' to 'float', possible loss of data
d:\etc\projects\openglv2\openglv2\main.cpp(585): warning C4244: 'initializing': conversion from 'double' to 'float', possible loss of data
d:\etc\projects\openglv2\openglv2\main.cpp(586): warning C4244: 'initializing': conversion from 'double' to 'float', possible loss of data
d:\etc\projects\openglv2\openglv2\main.cpp(588): warning C4244: '=': conversion from 'double' to 'float', possible loss of data
d:\etc\projects\openglv2\openglv2\main.cpp(589): warning C4244: '=': conversion from 'double' to 'float', possible loss of data
d:\etc\projects\openglv2\openglv2\main.cpp(598): warning C4244: 'argument': conversion from 'double' to 'float', possible loss of data
  openglv2.vcxproj -> D:\etc\projects\openglv2\Debug\openglv2.exe
  openglv2.vcxproj -> D:\etc\projects\openglv2\Debug\openglv2.pdb (Full PDB)
